2019-04-06 17:36:45,509 INFO o.a.j.u.JMeterUtils: Setting Locale to en_IN
2019-04-06 17:36:45,545 INFO o.a.j.JMeter: Loading user properties from: /Users/jayeshdalal/Desktop/Jmeter/apache-jmeter-5.0/bin/user.properties
2019-04-06 17:36:45,550 INFO o.a.j.JMeter: Loading system properties from: /Users/jayeshdalal/Desktop/Jmeter/apache-jmeter-5.0/bin/system.properties
2019-04-06 17:36:45,556 INFO o.a.j.JMeter: Copyright (c) 1998-2018 The Apache Software Foundation
2019-04-06 17:36:45,556 INFO o.a.j.JMeter: Version 5.0 r1840935
2019-04-06 17:36:45,556 INFO o.a.j.JMeter: java.version=1.8.0_191
2019-04-06 17:36:45,556 INFO o.a.j.JMeter: java.vm.name=Java HotSpot(TM) 64-Bit Server VM
2019-04-06 17:36:45,556 INFO o.a.j.JMeter: os.name=Mac OS X
2019-04-06 17:36:45,557 INFO o.a.j.JMeter: os.arch=x86_64
2019-04-06 17:36:45,557 INFO o.a.j.JMeter: os.version=10.13.6
2019-04-06 17:36:45,557 INFO o.a.j.JMeter: file.encoding=UTF-8
2019-04-06 17:36:45,557 INFO o.a.j.JMeter: Max memory     =3817865216
2019-04-06 17:36:45,557 INFO o.a.j.JMeter: Available Processors =12
2019-04-06 17:36:45,560 INFO o.a.j.JMeter: Default Locale=English (India)
2019-04-06 17:36:45,560 INFO o.a.j.JMeter: JMeter  Locale=English (India)
2019-04-06 17:36:45,560 INFO o.a.j.JMeter: JMeterHome=/Users/jayeshdalal/Desktop/Jmeter/apache-jmeter-5.0
2019-04-06 17:36:45,560 INFO o.a.j.JMeter: user.dir  =/Users/jayeshdalal/Desktop/Ansible_Test_Playbook
2019-04-06 17:36:45,560 INFO o.a.j.JMeter: PWD       =/Users/jayeshdalal/Desktop/Ansible_Test_Playbook
2019-04-06 17:36:45,562 INFO o.a.j.JMeter: IP: 192.168.0.105 Name: PUN-IT000734.local FullName: 192.168.0.105
2019-04-06 17:36:49,582 INFO o.a.j.g.a.LookAndFeelCommand: Installing Darcula LAF
2019-04-06 17:36:49,594 INFO o.a.j.g.a.LookAndFeelCommand: Using look and feel: com.bulenkov.darcula.DarculaLaf [Darcula]
2019-04-06 17:36:49,595 INFO o.a.j.JMeter: Setting LAF to: com.bulenkov.darcula.DarculaLaf
2019-04-06 17:36:49,662 INFO o.a.j.JMeter: Loaded icon properties from org/apache/jmeter/images/icon.properties
2019-04-06 17:36:50,356 INFO o.a.j.e.u.CompoundVariable: Note: Function class names must contain the string: '.functions.'
2019-04-06 17:36:50,356 INFO o.a.j.e.u.CompoundVariable: Note: Function class names must not contain the string: '.gui.'
2019-04-06 17:36:51,110 INFO o.j.r.JARSourceHTTP: Found cached repo
2019-04-06 17:36:51,255 INFO o.j.r.PluginManager: Plugins Status: [jpgc-graphs-basic=2.0, jpgc-autostop=0.1, blazemeter-debugger=0.6, jpgc-sense=3.5, netflix-cassandra=0.2-SNAPSHOT, jpgc-csl=0.1, jpgc-functions=2.1, custom-soap=1.3.3, jpgc-casutg=2.6, jpgc-dummy=0.2, jpgc-ffw=2.0, jpgc-httpraw=0.1, jpgc-sts=2.3, bzm-http2=1.4, jpgc-hadoop=2.0, jpgc-fifo=0.2, jpgc-graphs-vs=2.0, kafkameter=0.2.0, jpgc-perfmon=2.1, jpgc-plugins-manager=1.3, bzm-random-csv=0.6, jpgc-webdriver=3.0, jpgc-plancheck=2.4, jpgc-tst=2.5, jpgc-csvars=0.1, jpgc-xml=0.1, jmeter-core=5.0, jmeter-ftp=5.0, jmeter-http=5.0, jmeter-jdbc=5.0, jmeter-jms=5.0, jmeter-junit=5.0, jmeter-java=5.0, jmeter-ldap=5.0, jmeter-mail=5.0, jmeter-mongodb=5.0, jmeter-native=5.0, jmeter-tcp=5.0, jmeter-components=5.0, jpgc-standard=2.0]
2019-04-06 17:36:51,258 INFO o.j.r.PluginManagerMenuItem: Plugins Manager has upgrades: [jpgc-casutg, jpgc-sts]
2019-04-06 17:36:53,292 INFO o.a.j.p.h.s.HTTPSamplerBase: Parser for text/html is org.apache.jmeter.protocol.http.parser.LagartoBasedHtmlParser
2019-04-06 17:36:53,292 INFO o.a.j.p.h.s.HTTPSamplerBase: Parser for application/xhtml+xml is org.apache.jmeter.protocol.http.parser.LagartoBasedHtmlParser
2019-04-06 17:36:53,292 INFO o.a.j.p.h.s.HTTPSamplerBase: Parser for application/xml is org.apache.jmeter.protocol.http.parser.LagartoBasedHtmlParser
2019-04-06 17:36:53,292 INFO o.a.j.p.h.s.HTTPSamplerBase: Parser for text/xml is org.apache.jmeter.protocol.http.parser.LagartoBasedHtmlParser
2019-04-06 17:36:53,292 INFO o.a.j.p.h.s.HTTPSamplerBase: Parser for text/vnd.wap.wml is org.apache.jmeter.protocol.http.parser.RegexpHTMLParser
2019-04-06 17:36:53,292 INFO o.a.j.p.h.s.HTTPSamplerBase: Parser for text/css is org.apache.jmeter.protocol.http.parser.CssParser
2019-04-06 17:36:53,338 WARN o.a.j.u.JMeterUtils: no icon for toolbar/19x19arrow-right-3.png
2019-04-06 17:36:53,340 INFO o.a.j.s.SampleResult: Note: Sample TimeStamps are START times
2019-04-06 17:36:53,341 INFO o.a.j.s.SampleResult: sampleresult.default.encoding is set to ISO-8859-1
2019-04-06 17:36:53,341 INFO o.a.j.s.SampleResult: sampleresult.useNanoTime=true
2019-04-06 17:36:53,341 INFO o.a.j.s.SampleResult: sampleresult.nanoThreadSleep=5000
2019-04-06 17:36:54,292 INFO o.a.j.e.KeyToolUtils: keytool found at 'keytool'
2019-04-06 17:36:54,293 INFO o.a.j.p.h.p.ProxyControl: HTTP(S) Test Script Recorder SSL Proxy will use keys that support embedded 3rd party resources in file /Users/jayeshdalal/Desktop/Jmeter/apache-jmeter-5.0/bin/proxyserver.jks
2019-04-06 17:36:54,439 INFO o.a.j.s.FileServer: Default base='/Users/jayeshdalal/Desktop/Ansible_Test_Playbook'
